00:18:43.414 [JavaFX Application Thread] WARN  ua.sumdu.j2se.zaretsky.tasks.MainApp - Lalal
HH:mm:ss.SSS [JavaFX Application Thread] WARN  ua.sumdu.j2se.zaretsky.tasks.MainApp - Lalal
2017-01-10 00:23:56 [JavaFX Application Thread] WARN  ua.sumdu.j2se.zaretsky.tasks.MainApp - Lalal
2017-01-10 00:24:23 [JavaFX Application Thread] WARN  ua.sumdu.j2se.zaretsky.tasks.MainApp - Lalal
2017-01-10 00:24:38 [JavaFX Application Thread] INFO  ua.sumdu.j2se.zaretsky.tasks.MainApp - Lalal
2017-01-10 00:25:58 [JavaFX Application Thread] INFO  ua.sumdu.j2se.zaretsky.tasks.MainApp - Lalal
2017-01-10 00:28:06 [JavaFX Application Thread] INFO  ua.sumdu.j2se.zaretsky.tasks.MainApp - Open program
2017-01-10 00:28:55 [JavaFX Application Thread] INFO  MainApp - Open program
2017-01-10 14:57:33 [JavaFX Application Thread] INFO  MainApp - Open program
2017-01-10 14:59:25 [JavaFX Application Thread] INFO  MainApp - Open program
2017-01-10 15:02:07 [JavaFX Application Thread] INFO  MainApp - Open program
2017-01-10 15:02:50 [JavaFX Application Thread] INFO  MainApp - Open program
2017-01-10 15:03:44 [JavaFX Application Thread] INFO  MainApp - Open program
2017-01-10 15:13:07 [JavaFX Application Thread] INFO  MainApp - Open program
2017-01-10 15:13:40 [JavaFX Application Thread] INFO  MainApp - Open program
2017-01-10 16:16:55 [JavaFX Application Thread] INFO  MainApp - Open program
2017-01-10 16:18:44 [JavaFX Application Thread] INFO  MainApp - Open program
2017-01-10 16:20:15 [JavaFX Application Thread] INFO  MainApp - Open program
2017-01-10 16:21:08 [JavaFX Application Thread] INFO  MainApp - Open program
2017-01-10 16:51:46 [JavaFX Application Thread] INFO  MainApp - Open program
2017-01-10 17:19:32 [JavaFX Application Thread] INFO  MainApp - Open program
2017-01-10 17:20:50 [JavaFX Application Thread] INFO  MainApp - Open program
2017-01-10 17:21:56 [JavaFX Application Thread] INFO  MainApp - Open program
2017-01-10 17:23:46 [JavaFX Application Thread] INFO  MainApp - Open program
2017-01-10 17:25:00 [JavaFX Application Thread] INFO  MainApp - Open program
2017-01-10 17:37:08 [JavaFX Application Thread] INFO  MainApp - Open program
2017-01-10 17:38:40 [JavaFX Application Thread] INFO  MainApp - Open program
2017-01-10 17:44:35 [JavaFX Application Thread] INFO  MainApp - Open program
2017-01-10 17:46:35 [JavaFX Application Thread] INFO  MainApp - Open program
2017-01-10 17:48:47 [JavaFX Application Thread] INFO  MainApp - Open program
2017-01-10 17:59:45 [JavaFX Application Thread] INFO  MainApp - Open program
2017-01-10 18:04:34 [JavaFX Application Thread] INFO  MainApp - Open program
2017-01-10 18:05:13 [JavaFX Application Thread] INFO  MainApp - Open program
2017-01-10 18:06:19 [JavaFX Application Thread] INFO  MainApp - Open program
2017-01-10 18:07:10 [JavaFX Application Thread] INFO  MainApp - Open program
2017-01-10 18:07:26 [JavaFX Application Thread] INFO  MainApp - Open program
2017-01-10 18:10:12 [JavaFX Application Thread] INFO  MainApp - Open program
2017-01-10 18:25:55 [JavaFX Application Thread] INFO  MainApp - Open program
2017-01-10 20:47:01 [JavaFX Application Thread] INFO  MainApp - Open program
2017-01-10 20:56:14 [JavaFX Application Thread] INFO  MainApp - Open program
2017-01-10 20:56:50 [JavaFX Application Thread] INFO  MainApp - Open program
2017-01-10 21:00:35 [JavaFX Application Thread] INFO  MainApp - Open program
2017-01-10 21:04:57 [JavaFX Application Thread] INFO  MainApp - Open program
2017-01-10 21:05:30 [JavaFX Application Thread] INFO  MainApp - Open program
2017-01-10 21:14:23 [JavaFX Application Thread] INFO  MainApp - Open program
2017-01-10 21:15:51 [JavaFX Application Thread] INFO  MainApp - Open program
2017-01-10 21:17:24 [JavaFX Application Thread] INFO  MainApp - Open program
2017-01-10 21:21:55 [JavaFX Application Thread] INFO  MainApp - Open program
2017-01-10 21:24:29 [JavaFX Application Thread] INFO  MainApp - Open program
2017-01-10 21:27:19 [JavaFX Application Thread] INFO  MainApp - Open program
2017-01-10 21:28:19 [JavaFX Application Thread] INFO  MainApp - Open program
2017-01-10 21:28:54 [JavaFX Application Thread] INFO  MainApp - Open program
2017-01-10 21:30:37 [JavaFX Application Thread] INFO  MainApp - Open program
2017-01-10 21:33:14 [JavaFX Application Thread] INFO  MainApp - Open program
2017-01-10 21:35:40 [JavaFX Application Thread] INFO  MainApp - Open program
2017-01-10 21:36:17 [JavaFX Application Thread] INFO  MainApp - Open program
2017-01-10 21:41:16 [JavaFX Application Thread] INFO  MainApp - Open program
2017-01-10 21:42:03 [JavaFX Application Thread] INFO  MainApp - Open program
2017-01-10 21:43:21 [JavaFX Application Thread] INFO  MainApp - Open program
2017-01-10 21:43:57 [JavaFX Application Thread] INFO  MainApp - Open program
2017-01-10 21:46:20 [JavaFX Application Thread] INFO  MainApp - Open program
2017-01-10 21:51:05 [JavaFX Application Thread] INFO  MainApp - Open program
2017-01-10 21:54:15 [JavaFX Application Thread] INFO  MainApp - Open program
2017-01-10 21:54:58 [JavaFX Application Thread] INFO  MainApp - Open program
2017-01-10 21:55:43 [JavaFX Application Thread] INFO  MainApp - Open program
2017-01-10 21:56:19 [JavaFX Application Thread] INFO  MainApp - Open program
2017-01-10 21:56:57 [JavaFX Application Thread] INFO  MainApp - Open program
2017-01-10 22:01:27 [JavaFX Application Thread] INFO  MainApp - Open program
2017-01-10 23:18:08 [JavaFX Application Thread] INFO  MainApp - Open program
2017-01-10 23:39:38 [JavaFX Application Thread] INFO  MainApp - Open program
2017-01-11 00:22:02 [JavaFX Application Thread] INFO  MainApp - Open program
2017-01-11 00:25:29 [JavaFX Application Thread] INFO  MainApp - Open program
2017-01-11 00:25:56 [JavaFX Application Thread] INFO  MainApp - Open program
2017-01-11 00:51:47 [JavaFX Application Thread] INFO  MainApp - Open program
2017-01-11 00:52:10 [JavaFX Application Thread] INFO  MainApp - Open program
2017-01-11 00:52:33 [JavaFX Application Thread] INFO  MainApp - Open program
2017-01-11 00:58:32 [JavaFX Application Thread] INFO  MainApp - Open program
2017-01-11 00:59:27 [JavaFX Application Thread] INFO  MainApp - Open program
2017-01-11 01:05:17 [JavaFX Application Thread] INFO  MainApp - Open program
2017-01-11 01:06:00 [JavaFX Application Thread] INFO  MainApp - Open program
2017-01-11 01:07:36 [JavaFX Application Thread] INFO  MainApp - Open program
2017-01-11 01:13:28 [JavaFX Application Thread] INFO  MainApp - Open program
2017-01-11 01:23:13 [JavaFX Application Thread] INFO  MainApp - Open program
2017-01-11 01:28:19 [JavaFX Application Thread] INFO  MainApp - Open program
2017-01-11 01:52:34 [JavaFX Application Thread] INFO  MainApp - Open program
2017-01-11 01:53:19 [JavaFX Application Thread] INFO  MainApp - Open program
2017-01-11 01:54:16 [JavaFX Application Thread] INFO  MainApp - Open program
2017-01-11 01:56:25 [JavaFX Application Thread] INFO  MainApp - Open program
2017-01-11 02:01:19 [JavaFX Application Thread] INFO  MainApp - Open program
2017-01-11 02:02:06 [JavaFX Application Thread] INFO  MainApp - Open program
2017-01-11 02:02:45 [JavaFX Application Thread] INFO  MainApp - Open program
2017-01-11 02:03:15 [JavaFX Application Thread] INFO  MainApp - Open program
2017-01-11 02:04:28 [JavaFX Application Thread] INFO  MainApp - Open program
2017-01-11 02:05:02 [JavaFX Application Thread] INFO  MainApp - Open program
2017-01-11 02:06:59 [JavaFX Application Thread] INFO  MainApp - Open program
2017-01-11 02:11:53 [JavaFX Application Thread] INFO  MainApp - Open program
2017-01-11 02:12:14 [JavaFX Application Thread] INFO  MainApp - Open program
2017-01-11 02:16:31 [JavaFX Application Thread] INFO  MainApp - Open program
2017-01-11 02:20:12 [JavaFX Application Thread] INFO  MainApp - Open program
2017-01-11 02:20:51 [JavaFX Application Thread] INFO  MainApp - Open program
2017-01-11 02:21:40 [JavaFX Application Thread] INFO  MainApp - Open program
2017-01-11 02:22:35 [JavaFX Application Thread] INFO  MainApp - Open program
2017-01-11 02:22:53 [JavaFX Application Thread] INFO  MainApp - Open program
2017-01-11 02:23:32 [JavaFX Application Thread] INFO  MainApp - Open program
2017-01-11 02:33:20 [JavaFX Application Thread] INFO  MainApp - Open program
2017-01-11 02:37:50 [JavaFX Application Thread] INFO  MainApp - Open program
2017-01-11 02:38:49 [JavaFX Application Thread] INFO  MainApp - Open program
2017-01-11 02:39:49 [JavaFX Application Thread] INFO  MainApp - Open program
2017-01-11 02:43:16 [JavaFX Application Thread] INFO  MainApp - Open program
2017-01-11 02:44:51 [JavaFX Application Thread] INFO  MainApp - Open program
2017-01-11 03:03:24 [JavaFX Application Thread] INFO  MainApp - Open program
2017-01-11 03:06:36 [JavaFX Application Thread] INFO  MainApp - Open program
2017-01-11 03:07:50 [JavaFX Application Thread] INFO  MainApp - Open program
2017-01-11 03:23:46 [JavaFX Application Thread] INFO  MainApp - Open program
2017-01-11 03:24:16 [JavaFX Application Thread] INFO  MainApp - Open program
2017-01-11 03:24:50 [JavaFX Application Thread] INFO  MainApp - Open program
2017-01-11 03:25:46 [JavaFX Application Thread] INFO  MainApp - Open program
2017-01-11 03:38:36 [JavaFX Application Thread] INFO  MainApp - Open program
2017-01-11 03:40:22 [JavaFX Application Thread] INFO  MainApp - Open program
2017-01-11 03:41:26 [JavaFX Application Thread] INFO  MainApp - Open program
2017-01-11 03:42:08 [JavaFX Application Thread] INFO  MainApp - Open program
2017-01-11 03:44:10 [JavaFX Application Thread] INFO  MainApp - Open program
2017-01-11 03:46:21 [JavaFX Application Thread] INFO  MainApp - Open program
2017-01-11 03:49:08 [JavaFX Application Thread] INFO  MainApp - Open program
2017-01-11 12:16:33 [JavaFX Application Thread] INFO  MainApp - Open program
2017-01-11 12:16:58 [JavaFX Application Thread] INFO  MainApp - Open program
2017-01-11 12:18:42 [JavaFX Application Thread] INFO  MainApp - Open program
2017-01-11 12:28:27 [JavaFX Application Thread] INFO  MainApp - Open program
2017-01-11 12:29:51 [JavaFX Application Thread] INFO  MainApp - Open program
2017-01-11 13:03:21 [JavaFX Application Thread] INFO  MainApp - Open program
2017-01-11 13:16:41 [JavaFX Application Thread] INFO  MainApp - Open program
2017-01-11 13:17:04 [JavaFX Application Thread] INFO  MainApp - Open program
2017-01-11 13:17:18 [JavaFX Application Thread] INFO  MainApp - Open program
2017-01-11 13:17:32 [JavaFX Application Thread] INFO  MainApp - Open program
2017-01-11 13:20:50 [JavaFX Application Thread] INFO  MainApp - Open program
2017-01-11 13:22:29  INFO  MainApp - Open program
2017-01-11 13:23:06 [JavaFX Application Thread] INFO  MainApp - Open program
2017-01-11 13:24:28 [JavaFX Application Thread] INFO  MainApp - Open program
2017-01-11 13:24:33 [JavaFX Application Thread] INFO  MainApp - Program close
2017-01-11 13:28:12 [JavaFX Application Thread] INFO  MainApp - Open program
2017-01-11 13:28:20 [JavaFX Application Thread] INFO  TasksOverviewController - Task delete: Task "варапт" at Tue Jan 10 21:16:00 EET 2017
2017-01-11 13:51:15 [JavaFX Application Thread] INFO  MainApp - Program close
2017-01-11 14:05:41 [JavaFX Application Thread] INFO  MainApp - Open program
2017-01-11 14:06:14 [JavaFX Application Thread] INFO  MainApp - Program close
2017-01-11 14:06:22 [JavaFX Application Thread] INFO  MainApp - Open program
2017-01-11 14:06:28 [JavaFX Application Thread] INFO  TasksOverviewController - Task delete: "ФФФФФФФФФФФ"
2017-01-11 14:07:20 [JavaFX Application Thread] INFO  MainApp - Open program
2017-01-11 14:07:26 [JavaFX Application Thread] INFO  TasksOverviewController - Task delete: "ФФФФФФФФФФФ" from [2017-01-11 00:54:00.000] to [2017-01-12 17:17:00.000] every [20 minutes]
2017-01-11 14:07:47 [JavaFX Application Thread] INFO  MainApp - Program close
2017-01-11 14:24:00 INFO  MainApp - Open program
2017-01-11 14:24:24 INFO  TasksOverviewController - Create new task: "новая задача" at [2017-01-18 16:17:00.000]
2017-01-11 14:24:41 INFO  TasksOverviewController - Edit task from: "новая задача" at [2017-01-18 16:17:00.000] to
"новая задача" at [2017-01-18 16:17:00.000] is inactive
2017-01-11 14:25:09 INFO  TasksOverviewController - Edit task from: "новая задача" at [2017-01-18 16:17:00.000] is inactive to
"новая задача" at [2017-01-18 16:17:00.000] is inactive
2017-01-11 14:25:36 INFO  MainApp - Program close
2017-01-11 14:30:54 INFO  MainApp - Open program
2017-01-11 14:31:02 INFO  TasksOverviewController - EDIT task: "новая задача" at [2017-01-18 16:17:00.000] is inactive TO "новая задача" at [2017-01-18 16:17:00.000]
2017-01-11 14:33:23 INFO  MainApp - Program close
2017-01-12 00:50:10 INFO  MainApp - Open program
2017-01-12 00:50:21 INFO  MainApp - Program close
2017-01-12 00:50:47 INFO  MainApp - Open program
2017-01-12 00:51:23 INFO  MainApp - Program close
2017-01-12 00:52:38 INFO  MainApp - Open program
2017-01-12 00:53:05 INFO  MainApp - Program close
2017-01-12 00:56:52 INFO  MainApp - Open program
2017-01-12 00:57:05 INFO  MainApp - Program close
2017-01-12 00:58:40 INFO  MainApp - Open program
2017-01-12 00:59:45 INFO  MainApp - Program close
2017-01-12 01:13:43 INFO  MainApp - Open program
2017-01-12 01:13:49 INFO  MainApp - Program close
2017-01-12 01:17:37 INFO  MainApp - Open program
2017-01-12 01:17:54 INFO  MainApp - Program close
2017-01-12 01:18:36 INFO  MainApp - Open program
2017-01-12 01:18:52 INFO  MainApp - Program close
2017-01-12 01:19:06 INFO  MainApp - Open program
2017-01-12 01:19:16 INFO  MainApp - Program close
2017-01-12 01:25:15 INFO  MainApp - Open program
2017-01-12 01:25:35 INFO  MainApp - Program close
2017-01-12 02:02:56 INFO  MainApp - Open program
2017-01-12 02:03:38 INFO  MainApp - Program close
2017-01-12 13:59:59 INFO  MainApp - Open program
2017-01-12 14:00:24 INFO  MainApp - Program close
2017-01-12 14:06:30 INFO  MainApp - Open program
2017-01-12 14:06:51 INFO  MainApp - Program close
2017-01-12 14:24:25 INFO  MainApp - Open program
2017-01-12 14:24:49 INFO  MainApp - Program close
2017-01-12 14:32:34 INFO  MainApp - Open program
2017-01-12 14:34:02 INFO  MainApp - Open program
2017-01-12 14:45:35 INFO  MainApp - Open program
2017-01-12 14:54:24 INFO  MainApp - Program close
2017-01-12 15:35:45 INFO  MainApp - Open program
2017-01-12 15:38:04 INFO  MainApp - Open program
2017-01-12 15:47:23 INFO  MainApp - Open program
2017-01-12 15:48:09 INFO  TasksOverviewController - CREATE task: "Задача" from [2017-01-11 15:15:00.000] to [2017-01-27 17:00:00.000] every [20 minutes]
2017-01-12 15:48:13 INFO  MainApp - Program close
2017-01-12 15:48:17 INFO  MainApp - Open program
2017-01-12 15:48:33 INFO  MainApp - Program close
2017-01-12 15:49:49 INFO  MainApp - Open program
2017-01-12 15:51:26 INFO  TasksOverviewController - EDIT task: "Задача" from [2017-01-11 15:15:00.000] to [2017-01-27 17:00:00.000] every [20 minutes] TO "Задача" from [2017-01-11 15:15:00.000] to [2017-01-27 17:00:00.000] every [25 minutes]
2017-01-12 15:51:29 INFO  MainApp - Program close
2017-01-12 15:51:33 INFO  MainApp - Open program
2017-01-12 15:56:48 INFO  MainApp - Open program
2017-01-12 16:02:13 INFO  TasksOverviewController - EDIT task: "Валера" from [2017-01-10 21:18:00.000] to [2017-01-11 03:50:00.000] every [3 minutes] TO "Валера" from [2017-01-10 21:18:00.000] to [2017-01-11 03:50:00.000] every [3 hours 20 minutes]
2017-01-12 16:03:00 INFO  TasksOverviewController - DELETE task: "новая задача" at [2017-01-18 16:17:00.000]
2017-01-12 16:03:11 INFO  TasksOverviewController - EDIT task: "Валера" from [2017-01-10 21:18:00.000] to [2017-01-11 03:50:00.000] every [3 hours 20 minutes] TO "Валера" from [2017-01-10 21:18:00.000] to [2017-01-11 03:50:00.000] every [10 hours 20 minutes]
2017-01-12 16:04:38 INFO  TasksOverviewController - EDIT task: "Задача" from [2017-01-11 15:15:00.000] to [2017-01-27 17:00:00.000] every [25 minutes] TO "Задача" from [2017-01-11 15:15:00.000] to [2017-01-14 17:00:00.000] every [25 minutes]
2017-01-12 16:05:00 INFO  MainApp - Program close
2017-01-12 16:05:12 INFO  MainApp - Open program
2017-01-12 16:11:35 INFO  TasksOverviewController - DELETE task: "лала" from [2017-01-03 00:00:00.000] to [2017-01-10 00:00:00.000] every [2 days]
2017-01-12 16:11:38 INFO  TasksOverviewController - DELETE task: "Валера" from [2017-01-10 21:18:00.000] to [2017-01-11 03:50:00.000] every [10 hours 20 minutes]
2017-01-12 16:11:41 INFO  TasksOverviewController - DELETE task: "авпро" at [2017-01-10 21:19:00.000]
2017-01-12 16:11:42 INFO  MainApp - Program close
2017-01-12 16:11:50 INFO  MainApp - Open program
2017-01-12 16:18:19 INFO  MainApp - Program close
2017-01-12 16:18:38 INFO  MainApp - Open program
2017-01-12 16:20:35 INFO  MainApp - Program close
2017-01-12 16:20:41 INFO  MainApp - Open program
2017-01-12 17:38:35 INFO  MainApp - Open program
2017-01-12 17:38:43 INFO  MainApp - Program close
2017-01-12 18:03:44 INFO  MainApp - Open program
2017-01-12 18:03:50 INFO  MainApp - Program close
2017-01-12 18:32:27 INFO  MainApp - Open program
2017-01-12 18:32:37 INFO  MainApp - Program close
2017-01-12 19:19:59 INFO  MainApp - Open program
2017-01-12 19:20:08 INFO  MainApp - Program close
2017-01-12 19:21:09 INFO  MainApp - Open program
2017-01-12 19:21:14 INFO  MainApp - Program close
2017-01-12 19:21:49 INFO  MainApp - Open program
2017-01-12 19:22:35 INFO  MainApp - Open program
2017-01-12 19:22:44 INFO  MainApp - Program close
2017-01-12 19:28:28 INFO  MainApp - Open program
2017-01-12 19:29:07 INFO  MainApp - Open program
2017-01-12 19:29:12 INFO  MainApp - Program close
2017-01-12 19:29:44 INFO  MainApp - Open program
2017-01-12 19:29:51 INFO  MainApp - Program close
2017-01-12 19:30:31 INFO  MainApp - Open program
2017-01-12 19:30:36 INFO  MainApp - Program close
2017-01-12 19:31:09 INFO  MainApp - Open program
2017-01-12 19:31:15 INFO  MainApp - Program close
2017-01-12 19:34:08 INFO  MainApp - Open program
2017-01-12 19:34:17 INFO  MainApp - Program close
2017-01-12 19:34:49 INFO  MainApp - Open program
2017-01-12 19:34:56 INFO  MainApp - Program close
2017-01-12 19:56:01 INFO  MainApp - Open program
2017-01-12 19:56:10 INFO  MainApp - Program close
2017-01-12 19:57:21 INFO  MainApp - Open program
2017-01-12 19:57:27 INFO  MainApp - Program close
2017-01-12 19:58:57 INFO  MainApp - Open program
2017-01-12 20:02:25 INFO  MainApp - Program close
2017-01-12 20:02:30 INFO  MainApp - Open program
2017-01-12 20:02:39 INFO  MainApp - Program close
2017-01-12 20:04:06 INFO  MainApp - Open program
2017-01-12 20:04:32 INFO  MainApp - Program close
2017-01-12 22:39:14 INFO  MainApp - Open program
2017-01-12 22:40:27 INFO  MainApp - Program close
2017-01-12 22:40:35 INFO  MainApp - Open program
2017-01-12 22:42:44 INFO  MainApp - Open program
2017-01-12 22:47:12 INFO  MainApp - Open program
2017-01-12 22:56:08 INFO  MainApp - Program close
2017-01-12 23:01:42 INFO  MainApp - Open program
2017-01-12 23:02:42 INFO  MainApp - Open program
2017-01-12 23:09:18 INFO  MainApp - Program close
2017-01-12 23:09:24 INFO  MainApp - Open program
2017-01-12 23:09:31 INFO  MainApp - Program close
2017-01-12 23:22:12 INFO  MainApp - Open program
2017-01-12 23:26:16 INFO  MainApp - Open program
2017-01-12 23:26:21 INFO  MainApp - Program close
2017-01-12 23:26:32 INFO  MainApp - Open program
2017-01-12 23:26:51 INFO  MainApp - Open program
2017-01-12 23:26:58 INFO  MainApp - Program close
2017-01-12 23:27:10 INFO  MainApp - Open program
2017-01-12 23:27:18 INFO  MainApp - Program close
2017-01-12 23:27:51 INFO  MainApp - Open program
2017-01-12 23:27:59 INFO  MainApp - Program close
2017-01-13 00:08:38 INFO  MainApp - Open program
2017-01-13 00:08:54 INFO  MainApp - Program close
2017-01-13 00:12:54 INFO  MainApp - Open program
2017-01-13 00:14:15 INFO  MainApp - Open program
2017-01-13 00:15:39 INFO  MainApp - Open program
2017-01-13 00:16:46 INFO  TasksOverviewController - CREATE task: "Задача 2" from [2017-01-13 13:00:00.000] to [2017-01-15 20:00:00.000] every [2 hours]
2017-01-13 00:16:57 INFO  MainApp - Program close
2017-01-13 00:20:41 INFO  MainApp - Open program
2017-01-13 00:25:53 INFO  MainApp - Open program
2017-01-13 00:27:41 INFO  MainApp - Open program
2017-01-13 00:28:46 INFO  TasksOverviewController - CREATE task: "ллрра" at [2017-01-14 17:00:00.000] is inactive
2017-01-13 00:31:15 INFO  MainApp - Open program
2017-01-13 00:31:35 INFO  TasksOverviewController - CREATE task: "пвап" at [2017-01-14 14:00:00.000] is inactive
2017-01-13 00:34:45 INFO  MainApp - Program close
2017-01-13 00:34:50 INFO  MainApp - Open program
2017-01-13 00:36:09 INFO  MainApp - Program close
2017-01-13 00:36:13 INFO  MainApp - Open program
2017-01-13 00:36:45 INFO  MainApp - Program close
2017-01-13 00:40:22 INFO  MainApp - Open program
2017-01-13 00:40:27 INFO  MainApp - Program close
2017-01-13 00:41:26 ERROR MainApp - Catching
java.io.FileNotFoundException: tas (Не удается найти указанный файл)
	at java.io.FileInputStream.open0(Native Method) ~[?:1.8.0_102]
	at java.io.FileInputStream.open(FileInputStream.java:195) ~[?:1.8.0_102]
	at java.io.FileInputStream.<init>(FileInputStream.java:138) ~[?:1.8.0_102]
	at ua.sumdu.j2se.zaretsky.tasks.Model.TaskIO.readBinary(TaskIO.java:89) ~[TaskManager/:?]
	at ua.sumdu.j2se.zaretsky.tasks.MainApp.<init>(MainApp.java:170) ~[TaskManager/:?]
	at sun.reflect.NativeConstructorAccessorImpl.newInstance0(Native Method) ~[?:1.8.0_102]
	at sun.reflect.NativeConstructorAccessorImpl.newInstance(NativeConstructorAccessorImpl.java:62) ~[?:1.8.0_102]
	at sun.reflect.DelegatingConstructorAccessorImpl.newInstance(DelegatingConstructorAccessorImpl.java:45) ~[?:1.8.0_102]
	at java.lang.reflect.Constructor.newInstance(Constructor.java:423) ~[?:1.8.0_102]
	at com.sun.javafx.application.LauncherImpl.lambda$launchApplication1$161(LauncherImpl.java:819) ~[jfxrt.jar:?]
	at com.sun.javafx.application.PlatformImpl.lambda$runAndWait$175(PlatformImpl.java:326) ~[jfxrt.jar:?]
	at com.sun.javafx.application.PlatformImpl.lambda$null$173(PlatformImpl.java:295) ~[jfxrt.jar:?]
	at java.security.AccessController.doPrivileged(Native Method) ~[?:1.8.0_102]
	at com.sun.javafx.application.PlatformImpl.lambda$runLater$174(PlatformImpl.java:294) ~[jfxrt.jar:?]
	at com.sun.glass.ui.InvokeLaterDispatcher$Future.run(InvokeLaterDispatcher.java:95) ~[jfxrt.jar:?]
	at com.sun.glass.ui.win.WinApplication._runLoop(Native Method) ~[jfxrt.jar:?]
	at com.sun.glass.ui.win.WinApplication.lambda$null$148(WinApplication.java:191) ~[jfxrt.jar:?]
	at java.lang.Thread.run(Thread.java:745) [?:1.8.0_102]
2017-01-13 00:41:26 INFO  MainApp - Open program
2017-01-13 00:43:57 INFO  MainApp - Open program
2017-01-13 00:50:25 INFO  MainApp - Program close
2017-01-13 00:50:30 INFO  MainApp - Open program
2017-01-13 00:54:56 INFO  MainApp - Open program
2017-01-13 00:55:03 INFO  TasksOverviewController - EDIT task: "пвап" at [2017-01-14 14:00:00.000] is inactive TO "пвап" at [2017-01-14 14:00:00.000]
2017-01-13 00:56:58 INFO  MainApp - Program close
2017-01-13 11:45:53 INFO  MainApp - Open program
2017-01-13 11:46:36 INFO  MainApp - Program close
2017-01-13 12:05:05 INFO  MainApp - Open program
2017-01-13 12:05:35 INFO  MainApp - Program close
